MIME-Version: 1.0
Content-Type: multipart/alternative;
 boundary="===============6732986522255892170=="
Subject: [Missions Portal] New Registration Requires Approval - Test_User
From: noreply@pottershousemissions.org
To: pastor.chris@example.com
Date: Tue, 23 Jun 2026 18:34:45 +0000
Message-ID: <178223968588.4464.2152335121372180694@MSI>

--===============6732986522255892170==
Content-Type: text/plain; charset="utf-8"
Content-Transfer-Encoding: 7bit

New registration from Test_User using code CHRIS_WB.

Approve: http://127.0.0.1:8000/approve/8912eb51-c728-497b-8493-a8f71a915d5e/
Reject: http://127.0.0.1:8000/reject/8912eb51-c728-497b-8493-a8f71a915d5e/

Dashboard: http://127.0.0.1:8000/pastor/dashboard/

--===============6732986522255892170==
Content-Type: text/html; charset="utf-8"
Content-Transfer-Encoding: quoted-printable
MIME-Version: 1.0

<!DOCTYPE html>
<html lang=3D"en">
<head>
<meta charset=3D"UTF-8">
<meta name=3D"viewport" content=3D"width=3Ddevice-width, initial-scale=3D1.0">
<title>New Registration Requires Your Approval</title>
<style>
  body { font-family: 'Segoe UI', Arial, sans-serif; background: #f0f4f8; mar=
gin: 0; padding: 20px; }
  .wrapper { max-width: 600px; margin: 0 auto; }
  .header { background: linear-gradient(135deg, #1e3a8a 0%, #2563eb 100%); co=
lor: white; padding: 32px 40px; border-radius: 12px 12px 0 0; text-align: cen=
ter; }
  .header h1 { margin: 0; font-size: 22px; font-weight: 800; letter-spacing: =
-0.5px; }
  .header p { margin: 8px 0 0; opacity: 0.85; font-size: 14px; }
  .body { background: #ffffff; padding: 36px 40px; border-left: 1px solid #e2=
e8f0; border-right: 1px solid #e2e8f0; }
  .greeting { font-size: 17px; font-weight: 600; color: #1e3a8a; margin-botto=
m: 12px; }
  .intro { color: #475569; font-size: 15px; line-height: 1.7; margin-bottom: =
28px; }
  .user-card { background: #f8fafc; border: 1px solid #e2e8f0; border-radius:=
 10px; padding: 24px; margin-bottom: 28px; }
  .user-card h3 { margin: 0 0 16px; color: #1e3a8a; font-size: 16px; border-b=
ottom: 2px solid #dbeafe; padding-bottom: 8px; }
  .field { display: flex; margin-bottom: 10px; font-size: 14px; }
  .field-label { color: #64748b; min-width: 120px; font-weight: 600; }
  .field-value { color: #1e293b; font-weight: 500; }
  .actions { text-align: center; margin-bottom: 28px; }
  .btn-approve { display: inline-block; background: #16a34a; color: white; pa=
dding: 14px 36px; border-radius: 8px; text-decoration: none; font-weight: 700=
; font-size: 15px; margin: 0 8px 12px; }
  .btn-reject { display: inline-block; background: #c53030; color: white; pad=
ding: 14px 36px; border-radius: 8px; text-decoration: none; font-weight: 700;=
 font-size: 15px; margin: 0 8px 12px; }
  .divider { text-align: center; color: #94a3b8; font-size: 13px; margin: 20p=
x 0; }
  .dashboard-link { text-align: center; }
  .btn-dashboard { display: inline-block; background: #1e3a8a; color: white; =
padding: 12px 28px; border-radius: 8px; text-decoration: none; font-weight: 6=
00; font-size: 14px; }
  .footer { background: #f8fafc; padding: 24px 40px; border: 1px solid #e2e8f=
0; border-radius: 0 0 12px 12px; text-align: center; color: #94a3b8; font-siz=
e: 12px; line-height: 1.6; }
  .expiry-note { background: #fffbeb; border: 1px solid #fde68a; border-radiu=
s: 8px; padding: 12px 16px; font-size: 13px; color: #92400e; margin-bottom: 2=
4px; }
</style>
</head>
<body>
<div class=3D"wrapper">
  <div class=3D"header">
    <h1>=F0=9F=99=8F New Member Registration</h1>
    <p>India Missions Portal =E2=80=94 Potter's House</p>
  </div>
  <div class=3D"body">
    <div class=3D"greeting">Dear Pastor Chris,</div>
    <p class=3D"intro">
      A new member has registered on the India Missions Portal using your ref=
erral code
      <strong>CHRIS_WB</strong>. Please review their details below and
      approve or reject their account.
    </p>

    <div class=3D"user-card">
      <h3>=F0=9F=93=8B Registration Details</h3>
      <div class=3D"field"><span class=3D"field-label">Full Name:</span> <spa=
n class=3D"field-value">Test_User</span></div>
      <div class=3D"field"><span class=3D"field-label">Username:</span> <span=
 class=3D"field-value">Test_User</span></div>
      <div class=3D"field"><span class=3D"field-label">Email:</span> <span cl=
ass=3D"field-value">test_user@example.com</span></div>
      <div class=3D"field"><span class=3D"field-label">Phone:</span> <span cl=
ass=3D"field-value">1234567890</span></div>
      <div class=3D"field"><span class=3D"field-label">Address:</span> <span =
class=3D"field-value">123 Test St, West Bengal</span></div>
      <div class=3D"field"><span class=3D"field-label">Age:</span> <span clas=
s=3D"field-value">25</span></div>
      <div class=3D"field"><span class=3D"field-label">Registered:</span> <sp=
an class=3D"field-value">June 23, 2026 at 06:34 PM</span></div>
    </div>

    <div class=3D"expiry-note">
      =E2=8F=B0 These approval links will expire in <strong>72 hours</strong>.
      After expiry, please use the Pastor Dashboard to approve or reject.
    </div>

    <div class=3D"actions">
      <a href=3D"http://127.0.0.1:8000/approve/8912eb51-c728-497b-8493-a8f71a=
915d5e/" class=3D"btn-approve">=E2=9C=85 Approve Registration</a>
      <a href=3D"http://127.0.0.1:8000/reject/8912eb51-c728-497b-8493-a8f71a9=
15d5e/" class=3D"btn-reject">=E2=9D=8C Reject Registration</a>
    </div>

    <div class=3D"divider">=E2=80=94 or manage all registrations from your da=
shboard =E2=80=94</div>

    <div class=3D"dashboard-link">
      <a href=3D"http://127.0.0.1:8000/pastor/dashboard/" class=3D"btn-dashbo=
ard">=F0=9F=93=8A Open Pastor Dashboard</a>
    </div>
  </div>
  <div class=3D"footer">
    <p>This email was sent by the <strong>India Missions Portal</strong> =E2=
=80=94 Potter's House Christian Fellowship Church.</p>
    <p>If you did not expect this email, please contact your administrator.</=
p>
  </div>
</div>
</body>
</html>

--===============6732986522255892170==--

-------------------------------------------------------------------------------
