MIME-Version: 1.0
Content-Type: multipart/alternative;
 boundary="===============0906977515271885406=="
Subject: [Missions Portal] Your Account Has Been Approved!
From: noreply@pottershousemissions.org
To: test_user@example.com
Date: Tue, 23 Jun 2026 18:35:02 +0000
Message-ID: <178223970278.17344.994410259944755126@MSI>

--===============0906977515271885406==
Content-Type: text/plain; charset="utf-8"
Content-Transfer-Encoding: quoted-printable

Congratulations! Your account has been approved. Login at http://127.0.0.1:80=
00/login/

--===============0906977515271885406==
Content-Type: text/html; charset="utf-8"
Content-Transfer-Encoding: quoted-printable
MIME-Version: 1.0

<!DOCTYPE html>
<html lang=3D"en">
<head>
<meta charset=3D"UTF-8">
<title>Your Account Has Been Approved</title>
<style>
  body { font-family: 'Segoe UI', Arial, sans-serif; background: #f0f4f8; mar=
gin: 0; padding: 20px; }
  .wrapper { max-width: 560px; margin: 0 auto; }
  .header { background: linear-gradient(135deg, #16a34a 0%, #15803d 100%); co=
lor: white; padding: 36px 40px; border-radius: 12px 12px 0 0; text-align: cen=
ter; }
  .header h1 { margin: 0; font-size: 26px; font-weight: 800; }
  .header p { margin: 8px 0 0; opacity: 0.9; font-size: 14px; }
  .body { background: #ffffff; padding: 36px 40px; border: 1px solid #e2e8f0;=
 text-align: center; }
  .icon { font-size: 56px; margin-bottom: 16px; }
  .title { font-size: 22px; font-weight: 700; color: #1e3a8a; margin-bottom: =
12px; }
  .message { color: #475569; font-size: 15px; line-height: 1.7; margin-bottom=
: 28px; }
  .btn-login { display: inline-block; background: linear-gradient(135deg, #1e=
3a8a, #2563eb); color: white; padding: 16px 40px; border-radius: 8px; text-de=
coration: none; font-weight: 700; font-size: 16px; }
  .footer { background: #f8fafc; padding: 20px 40px; border: 1px solid #e2e8f=
0; border-radius: 0 0 12px 12px; text-align: center; color: #94a3b8; font-siz=
e: 12px; }
  .pastor-note { background: #eff6ff; border-left: 4px solid #2563eb; padding=
: 12px 16px; border-radius: 0 8px 8px 0; text-align: left; margin-bottom: 24p=
x; font-size: 14px; color: #1e3a8a; }
</style>
</head>
<body>
<div class=3D"wrapper">
  <div class=3D"header">
    <h1>=F0=9F=8E=89 Welcome to the Mission!</h1>
    <p>India Missions Portal =E2=80=94 Potter's House</p>
  </div>
  <div class=3D"body">
    <div class=3D"icon">=E2=9C=85</div>
    <div class=3D"title">Your Account Has Been Approved!</div>
    <p class=3D"message">
      Dear <strong>Test_User</strong>, your registration on the India Mission=
s Portal
      has been approved by <strong>Pastor Chris</strong>.
      You can now log in and access the missions content.
    </p>
   =20
    <a href=3D"http://127.0.0.1:8000/login/" class=3D"btn-login">Login to the=
 Portal =E2=86=92</a>
  </div>
  <div class=3D"footer">
    <p>India Missions Portal =E2=80=94 Potter's House Christian Fellowship Ch=
urch.</p>
  </div>
</div>
</body>
</html>

--===============0906977515271885406==--

-------------------------------------------------------------------------------
